# JRE version: OpenJDK Runtime Environment Temurin-17.0.8.1+1 (17.0.8.1+1) (build 17.0.8.1+1)
# Java VM: OpenJDK 64-Bit Server VM Temurin-17.0.8.1+1 (17.0.8.1+1, mixed mode, emulated-client, tiered, compressed oops, compressed class ptrs, g1 gc, bsd-aarch64)
GC Precious Log:
 CPUs: 8 total, 8 available
 Memory: 8192M
 Large Page Support: Disabled
 NUMA Support: Disabled
 Compressed Oops: Enabled (Zero based)
 Heap Region Size: 1M
 Heap Min Capacity: 8M
 Heap Initial Capacity: 128M
 Heap Max Capacity: 2G
 Pre-touch: Disabled
 Parallel Workers: 8
 Concurrent Workers: 2
 Concurrent Refinement Workers: 8
 Periodic GC: Disabled
Heap:
 garbage-first heap   total 51200K, used 17397K [0x0000000780000000, 0x0000000800000000)
  region size 1024K, 3 young (3072K), 1 survivors (1024K)
 Metaspace       used 39131K, committed 39552K, reserved 1114112K
  class space    used 4887K, committed 5056K, reserved 1048576K
GC Heap History (18 events):
Event: 0.336 GC heap before
{Heap before GC invocations=0 (full 0):
 garbage-first heap   total 131072K, used 23552K [0x0000000780000000, 0x0000000800000000)
  region size 1024K, 23 young (23552K), 0 survivors (0K)
 Metaspace       used 15156K, committed 15360K, reserved 1114112K
  class space    used 1595K, committed 1728K, reserved 1048576K
}
Event: 0.350 GC heap after
{Heap after GC invocations=1 (full 0):
 garbage-first heap   total 131072K, used 4651K [0x0000000780000000, 0x0000000800000000)
  region size 1024K, 3 young (3072K), 3 survivors (3072K)
 Metaspace       used 15156K, committed 15360K, reserved 1114112K
  class space    used 1595K, committed 1728K, reserved 1048576K
}
Event: 0.533 GC heap before
{Heap before GC invocations=1 (full 0):
 garbage-first heap   total 131072K, used 32299K [0x0000000780000000, 0x0000000800000000)
  region size 1024K, 32 young (32768K), 3 survivors (3072K)
 Metaspace       used 21348K, committed 21504K, reserved 1114112K
  class space    used 2428K, committed 2496K, reserved 1048576K
}
Event: 0.537 GC heap after
{Heap after GC invocations=2 (full 0):
 garbage-first heap   total 131072K, used 6344K [0x0000000780000000, 0x0000000800000000)
  region size 1024K, 2 young (2048K), 2 survivors (2048K)
 Metaspace       used 21348K, committed 21504K, reserved 1114112K
  class space    used 2428K, committed 2496K, reserved 1048576K
}
Event: 0.595 GC heap before
{Heap before GC invocations=3 (full 0):
 garbage-first heap   total 27648K, used 19656K [0x0000000780000000, 0x0000000800000000)
  region size 1024K, 17 young (17408K), 2 survivors (2048K)
 Metaspace       used 24409K, committed 24640K, reserved 1114112K
  class space    used 2830K, committed 2944K, reserved 1048576K
}
Event: 0.597 GC heap after
{Heap after GC invocations=4 (full 0):
 garbage-first heap   total 27648K, used 7499K [0x0000000780000000, 0x0000000800000000)
  region size 1024K, 3 young (3072K), 3 survivors (3072K)
 Metaspace       used 24409K, committed 24640K, reserved 1114112K
  class space    used 2830K, committed 2944K, reserved 1048576K
}
Event: 0.600 GC heap before
{Heap before GC invocations=4 (full 0):
 garbage-first heap   total 27648K, used 8523K [0x0000000780000000, 0x0000000800000000)
  region size 1024K, 4 young (4096K), 3 survivors (3072K)
 Metaspace       used 24584K, committed 24768K, reserved 1114112K
  class space    used 2852K, committed 2944K, reserved 1048576K
}
Event: 0.601 GC heap after
{Heap after GC invocations=5 (full 0):
 garbage-first heap   total 27648K, used 7611K [0x0000000780000000, 0x0000000800000000)
  region size 1024K, 1 young (1024K), 1 survivors (1024K)
 Metaspace       used 24584K, committed 24768K, reserved 1114112K
  class space    used 2852K, committed 2944K, reserved 1048576K
}
Event: 0.665 GC heap before
{Heap before GC invocations=5 (full 0):
 garbage-first heap   total 27648K, used 19899K [0x0000000780000000, 0x0000000800000000)
  region size 1024K, 13 young (13312K), 1 survivors (1024K)
 Metaspace       used 26246K, committed 26560K, reserved 1114112K
  class space    used 3102K, committed 3264K, reserved 1048576K
}
Event: 0.666 GC heap after
{Heap after GC invocations=6 (full 0):
 garbage-first heap   total 79872K, used 8332K [0x0000000780000000, 0x0000000800000000)
  region size 1024K, 2 young (2048K), 2 survivors (2048K)
 Metaspace       used 26246K, committed 26560K, reserved 1114112K
  class space    used 3102K, committed 3264K, reserved 1048576K
}
Event: 0.978 GC heap before
{Heap before GC invocations=6 (full 0):
 garbage-first heap   total 79872K, used 53388K [0x0000000780000000, 0x0000000800000000)
  region size 1024K, 46 young (47104K), 2 survivors (2048K)
 Metaspace       used 33262K, committed 33728K, reserved 1114112K
  class space    used 4071K, committed 4288K, reserved 1048576K
}
Event: 0.983 GC heap after
{Heap after GC invocations=7 (full 0):
 garbage-first heap   total 79872K, used 12237K [0x0000000780000000, 0x0000000800000000)
  region size 1024K, 5 young (5120K), 5 survivors (5120K)
 Metaspace       used 33262K, committed 33728K, reserved 1114112K
  class space    used 4071K, committed 4288K, reserved 1048576K
}
Event: 1.093 GC heap before
{Heap before GC invocations=7 (full 0):
 garbage-first heap   total 79872K, used 28621K [0x0000000780000000, 0x0000000800000000)
  region size 1024K, 22 young (22528K), 5 survivors (5120K)
 Metaspace       used 35790K, committed 36160K, reserved 1114112K
  class space    used 4426K, committed 4608K, reserved 1048576K
}
Event: 1.096 GC heap after
{Heap after GC invocations=8 (full 0):
 garbage-first heap   total 79872K, used 14080K [0x0000000780000000, 0x0000000800000000)
  region size 1024K, 2 young (2048K), 2 survivors (2048K)
 Metaspace       used 35790K, committed 36160K, reserved 1114112K
  class space    used 4426K, committed 4608K, reserved 1048576K
}
Event: 9.879 GC heap before
{Heap before GC invocations=9 (full 0):
 garbage-first heap   total 51200K, used 42752K [0x0000000780000000, 0x0000000800000000)
  region size 1024K, 30 young (30720K), 2 survivors (2048K)
 Metaspace       used 39112K, committed 39552K, reserved 1114112K
  class space    used 4886K, committed 5056K, reserved 1048576K
}
Event: 9.881 GC heap after
{Heap after GC invocations=10 (full 0):
 garbage-first heap   total 51200K, used 15753K [0x0000000780000000, 0x0000000800000000)
  region size 1024K, 4 young (4096K), 4 survivors (4096K)
 Metaspace       used 39112K, committed 39552K, reserved 1114112K
  class space    used 4886K, committed 5056K, reserved 1048576K
}
Event: 9.882 GC heap before
{Heap before GC invocations=10 (full 0):
 garbage-first heap   total 51200K, used 16777K [0x0000000780000000, 0x0000000800000000)
  region size 1024K, 5 young (5120K), 4 survivors (4096K)
 Metaspace       used 39112K, committed 39552K, reserved 1114112K
  class space    used 4886K, committed 5056K, reserved 1048576K
}
Event: 9.885 GC heap after
{Heap after GC invocations=11 (full 0):
 garbage-first heap   total 51200K, used 16373K [0x0000000780000000, 0x0000000800000000)
  region size 1024K, 1 young (1024K), 1 survivors (1024K)
 Metaspace       used 39112K, committed 39552K, reserved 1114112K
  class space    used 4886K, committed 5056K, reserved 1048576K
}

